Traceback (most recent call last):
  File "/home/ysunem/miniconda3/envs/worldplay/lib/python3.10/site-packages/diffusers/utils/import_utils.py", line 953, in _get_module
    return importlib.import_module("." + module_name, self.__name__)
  File "/home/ysunem/miniconda3/envs/worldplay/lib/python3.10/importlib/__init__.py", line 126, in import_module
    return _bootstrap._gcd_import(name[level:], package, level)
  File "<frozen importlib._bootstrap>", line 1050, in _gcd_import
  File "<frozen importlib._bootstrap>", line 1027, in _find_and_load
  File "<frozen importlib._bootstrap>", line 992, in _find_and_load_unlocked
  File "<frozen importlib._bootstrap>", line 241, in _call_with_frames_removed
  File "<frozen importlib._bootstrap>", line 1050, in _gcd_import
  File "<frozen importlib._bootstrap>", line 1027, in _find_and_load
  File "<frozen importlib._bootstrap>", line 1006, in _find_and_load_unlocked
  File "<frozen importlib._bootstrap>", line 688, in _load_unlocked
  File "<frozen importlib._bootstrap_external>", line 883, in exec_module
  File "<frozen importlib._bootstrap>", line 241, in _call_with_frames_removed
  File "/home/ysunem/miniconda3/envs/worldplay/lib/python3.10/site-packages/diffusers/models/autoencoders/__init__.py", line 1, in <module>
    from .autoencoder_asym_kl import AsymmetricAutoencoderKL
  File "/home/ysunem/miniconda3/envs/worldplay/lib/python3.10/site-packages/diffusers/models/autoencoders/autoencoder_asym_kl.py", line 23, in <module>
    from .vae import DecoderOutput, DiagonalGaussianDistribution, Encoder, MaskConditionDecoder
  File "/home/ysunem/miniconda3/envs/worldplay/lib/python3.10/site-packages/diffusers/models/autoencoders/vae.py", line 25, in <module>
    from ..unets.unet_2d_blocks import (
  File "/home/ysunem/miniconda3/envs/worldplay/lib/python3.10/site-packages/diffusers/models/unets/__init__.py", line 6, in <module>
    from .unet_2d import UNet2DModel
  File "/home/ysunem/miniconda3/envs/worldplay/lib/python3.10/site-packages/diffusers/models/unets/unet_2d.py", line 24, in <module>
    from .unet_2d_blocks import UNetMidBlock2D, get_down_block, get_up_block
  File "/home/ysunem/miniconda3/envs/worldplay/lib/python3.10/site-packages/diffusers/models/unets/unet_2d_blocks.py", line 36, in <module>
    from ..transformers.dual_transformer_2d import DualTransformer2DModel
  File "/home/ysunem/miniconda3/envs/worldplay/lib/python3.10/site-packages/diffusers/models/transformers/__init__.py", line 20, in <module>
    from .transformer_chroma import ChromaTransformer2DModel
  File "/home/ysunem/miniconda3/envs/worldplay/lib/python3.10/site-packages/diffusers/models/transformers/transformer_chroma.py", line 33, in <module>
    from .transformer_flux import FluxAttention, FluxAttnProcessor
  File "/home/ysunem/miniconda3/envs/worldplay/lib/python3.10/site-packages/diffusers/models/transformers/transformer_flux.py", line 29, in <module>
    from ..attention_dispatch import dispatch_attention_fn
  File "/home/ysunem/miniconda3/envs/worldplay/lib/python3.10/site-packages/diffusers/models/attention_dispatch.py", line 57, in <module>
    from flash_attn import flash_attn_func, flash_attn_varlen_func
  File "/home/ysunem/miniconda3/envs/worldplay/lib/python3.10/site-packages/flash_attn/__init__.py", line 3, in <module>
    from flash_attn.flash_attn_interface import (
  File "/home/ysunem/miniconda3/envs/worldplay/lib/python3.10/site-packages/flash_attn/flash_attn_interface.py", line 15, in <module>
    import flash_attn_2_cuda as flash_attn_gpu
ImportError: /home/ysunem/miniconda3/envs/worldplay/lib/python3.10/site-packages/flash_attn_2_cuda.cpython-310-x86_64-linux-gnu.so: undefined symbol: _ZN3c105ErrorC2ENS_14SourceLocationENSt7__cxx1112basic_stringIcSt11char_traitsIcESaIcEEE

The above exception was the direct cause of the following exception:

Traceback (most recent call last):
  File "/home/ysunem/ys_26.2/3.13_real_mani/hy_worldplay_ego/hyvideo/generate.py", line 40, in <module>
    from hyvideo.pipelines.worldplay_video_pipeline import HunyuanVideo_1_5_Pipeline
  File "/home/ysunem/ys_26.2/3.13_real_mani/hy_worldplay_ego/hyvideo/pipelines/worldplay_video_pipeline.py", line 37, in <module>
    from diffusers.models import AutoencoderKL
  File "<frozen importlib._bootstrap>", line 1075, in _handle_fromlist
  File "/home/ysunem/miniconda3/envs/worldplay/lib/python3.10/site-packages/diffusers/utils/import_utils.py", line 943, in __getattr__
    module = self._get_module(self._class_to_module[name])
  File "/home/ysunem/miniconda3/envs/worldplay/lib/python3.10/site-packages/diffusers/utils/import_utils.py", line 955, in _get_module
    raise RuntimeError(
RuntimeError: Failed to import diffusers.models.autoencoders.autoencoder_kl because of the following error (look up to see its traceback):
/home/ysunem/miniconda3/envs/worldplay/lib/python3.10/site-packages/flash_attn_2_cuda.cpython-310-x86_64-linux-gnu.so: undefined symbol: _ZN3c105ErrorC2ENS_14SourceLocationENSt7__cxx1112basic_stringIcSt11char_traitsIcESaIcEEE
E0314 14:50:31.729000 4176057 site-packages/torch/distributed/elastic/multiprocessing/api.py:869] failed (exitcode: 1) local_rank: 0 (pid: 4176084) of binary: /home/ysunem/miniconda3/envs/worldplay/bin/python
Traceback (most recent call last):
  File "/home/ysunem/miniconda3/envs/worldplay/lib/python3.10/runpy.py", line 196, in _run_module_as_main
    return _run_code(code, main_globals, None,
  File "/home/ysunem/miniconda3/envs/worldplay/lib/python3.10/runpy.py", line 86, in _run_code
    exec(code, run_globals)
  File "/home/ysunem/miniconda3/envs/worldplay/lib/python3.10/site-packages/torch/distributed/run.py", line 922, in <module>
    main()
  File "/home/ysunem/miniconda3/envs/worldplay/lib/python3.10/site-packages/torch/distributed/elastic/multiprocessing/errors/__init__.py", line 355, in wrapper
    return f(*args, **kwargs)
  File "/home/ysunem/miniconda3/envs/worldplay/lib/python3.10/site-packages/torch/distributed/run.py", line 918, in main
    run(args)
  File "/home/ysunem/miniconda3/envs/worldplay/lib/python3.10/site-packages/torch/distributed/run.py", line 909, in run
    elastic_launch(
  File "/home/ysunem/miniconda3/envs/worldplay/lib/python3.10/site-packages/torch/distributed/launcher/api.py", line 138, in __call__
    return launch_agent(self._config, self._entrypoint, list(args))
  File "/home/ysunem/miniconda3/envs/worldplay/lib/python3.10/site-packages/torch/distributed/launcher/api.py", line 269, in launch_agent
    raise ChildFailedError(
torch.distributed.elastic.multiprocessing.errors.ChildFailedError: 
============================================================
hyvideo/generate.py FAILED
------------------------------------------------------------
Failures:
  <NO_OTHER_FAILURES>
------------------------------------------------------------
Root Cause (first observed failure):
[0]:
  time      : 2026-03-14_14:50:31
  host      : dgx-38.cm.cluster
  rank      : 0 (local_rank: 0)
  exitcode  : 1 (pid: 4176084)
  error_file: <N/A>
  traceback : To enable traceback see: https://pytorch.org/docs/stable/elastic/errors.html
============================================================
