DEBUG safetensor_path = /scratch/peilab/ysunem/ys_26.2/3.13_real_mani/hy_worldplay_ego/ar_distilled_action_model/diffusion_pytorch_model.safetensors
HY-World 1.5 loading from:  /scratch/peilab/ysunem/ys_26.2/3.13_real_mani/hy_worldplay_ego/ar_distilled_action_model/diffusion_pytorch_model.safetensors
Loading checkpoint shards:   0%|          | 0/5 [00:00<?, ?it/s]Loading checkpoint shards:  20%|██        | 1/5 [00:03<00:15,  3.78s/it]Loading checkpoint shards:  40%|████      | 2/5 [00:05<00:08,  2.71s/it]Loading checkpoint shards:  60%|██████    | 3/5 [00:06<00:03,  1.90s/it]Loading checkpoint shards:  80%|████████  | 4/5 [00:07<00:01,  1.48s/it]Loading checkpoint shards: 100%|██████████| 5/5 [00:07<00:00,  1.50s/it]
2026-03-14 01:49:16.191 | ERROR    | hyvideo.pipelines.worldplay_video_pipeline:_load_vision_encoder:2186 - /scratch/peilab/ysunem/ys_26.2/3.13_real_mani/hy_worldplay_ego/vision_encoder/siglip not found. Please refer to checkpoints-download.md.
[rank0]: Traceback (most recent call last):
[rank0]:   File "/home/ysunem/ys_26.2/3.13_real_mani/hy_worldplay_ego/hyvideo/generate.py", line 1054, in <module>
[rank0]:     main()
[rank0]:   File "/home/ysunem/ys_26.2/3.13_real_mani/hy_worldplay_ego/hyvideo/generate.py", line 1050, in main
[rank0]:     generate_video(args)
[rank0]:   File "/home/ysunem/ys_26.2/3.13_real_mani/hy_worldplay_ego/hyvideo/generate.py", line 721, in generate_video
[rank0]:     pipe = HunyuanVideo_1_5_Pipeline.create_pipeline(
[rank0]:   File "/home/ysunem/ys_26.2/3.13_real_mani/hy_worldplay_ego/hyvideo/pipelines/worldplay_video_pipeline.py", line 2090, in create_pipeline
[rank0]:     vision_encoder = cls._load_vision_encoder(cached_folder, device=device)
[rank0]:   File "/home/ysunem/ys_26.2/3.13_real_mani/hy_worldplay_ego/hyvideo/pipelines/worldplay_video_pipeline.py", line 2187, in _load_vision_encoder
[rank0]:     raise FileNotFoundError(msg)
[rank0]: FileNotFoundError: /scratch/peilab/ysunem/ys_26.2/3.13_real_mani/hy_worldplay_ego/vision_encoder/siglip not found. Please refer to checkpoints-download.md.
[rank0]:[W314 01:49:18.407112070 ProcessGroupNCCL.cpp:1496] Warning: WARNING: destroy_process_group() was not called before program exit, which can leak resources. For more info, please see https://pytorch.org/docs/stable/distributed.html#shutdown (function operator())
E0314 01:49:19.767000 3739909 site-packages/torch/distributed/elastic/multiprocessing/api.py:869] failed (exitcode: 1) local_rank: 0 (pid: 3739933) of binary: /home/ysunem/miniconda3/envs/worldplay/bin/python
Traceback (most recent call last):
  File "/home/ysunem/miniconda3/envs/worldplay/lib/python3.10/runpy.py", line 196, in _run_module_as_main
    return _run_code(code, main_globals, None,
  File "/home/ysunem/miniconda3/envs/worldplay/lib/python3.10/runpy.py", line 86, in _run_code
    exec(code, run_globals)
  File "/home/ysunem/miniconda3/envs/worldplay/lib/python3.10/site-packages/torch/distributed/run.py", line 922, in <module>
    main()
  File "/home/ysunem/miniconda3/envs/worldplay/lib/python3.10/site-packages/torch/distributed/elastic/multiprocessing/errors/__init__.py", line 355, in wrapper
    return f(*args, **kwargs)
  File "/home/ysunem/miniconda3/envs/worldplay/lib/python3.10/site-packages/torch/distributed/run.py", line 918, in main
    run(args)
  File "/home/ysunem/miniconda3/envs/worldplay/lib/python3.10/site-packages/torch/distributed/run.py", line 909, in run
    elastic_launch(
  File "/home/ysunem/miniconda3/envs/worldplay/lib/python3.10/site-packages/torch/distributed/launcher/api.py", line 138, in __call__
    return launch_agent(self._config, self._entrypoint, list(args))
  File "/home/ysunem/miniconda3/envs/worldplay/lib/python3.10/site-packages/torch/distributed/launcher/api.py", line 269, in launch_agent
    raise ChildFailedError(
torch.distributed.elastic.multiprocessing.errors.ChildFailedError: 
============================================================
hyvideo/generate.py FAILED
------------------------------------------------------------
Failures:
  <NO_OTHER_FAILURES>
------------------------------------------------------------
Root Cause (first observed failure):
[0]:
  time      : 2026-03-14_01:49:19
  host      : dgx-04.cm.cluster
  rank      : 0 (local_rank: 0)
  exitcode  : 1 (pid: 3739933)
  error_file: <N/A>
  traceback : To enable traceback see: https://pytorch.org/docs/stable/elastic/errors.html
============================================================
